\BOOKMARK [0][-]{Doc-Start}{\376\377\136\217\212\000}{}% 1
\BOOKMARK [0][-]{chapter*.1}{\376\377\166\356\137\125}{}% 2
\BOOKMARK [0][-]{chapter.1}{\376\377\171\136\176\317\177\121\176\334\220\350\122\006}{}% 3
\BOOKMARK [1][-]{section.1.1}{\376\377\171\136\176\317\177\121\176\334\173\200\116\313}{chapter.1}% 4
\BOOKMARK [2][-]{subsection.1.1.1}{\376\377\121\163\225\056\211\201\160\271}{section.1.1}% 5
\BOOKMARK [2][-]{subsection.1.1.2}{\376\377\171\136\176\317\177\121\176\334\173\200\116\313}{section.1.1}% 6
\BOOKMARK [2][-]{subsection.1.1.3}{\376\377\116\015\124\014\176\323\147\204\151\202\217\360}{section.1.1}% 7
\BOOKMARK [2][-]{subsection.1.1.4}{\376\377\176\323\147\204\135\356\137\002}{section.1.1}% 8
\BOOKMARK [2][-]{subsection.1.1.5}{\376\377\213\346\176\306\214\003\170\024\173\024\213\260}{section.1.1}% 9
\BOOKMARK [3][-]{section*.2}{\376\377\171\136\176\317\177\121\176\334\166\204\133\232\116\111\116\016\127\372\147\054\123\237\164\006}{subsection.1.1.5}% 10
\BOOKMARK [3][-]{section*.2}{\376\377\116\015\124\014\171\136\176\317\177\121\176\334\176\323\147\204\166\204\122\006\174\173\116\016\135\356\137\002}{subsection.1.1.5}% 11
\BOOKMARK [3][-]{table.caption.3}{\376\377\176\323\147\204\116\113\225\364\166\204\121\163\225\056\135\356\137\002}{subsection.1.1.5}% 12
\BOOKMARK [3][-]{table.caption.3}{\376\377\136\224\165\050\127\072\146\157\116\016\134\100\226\120\140\047}{subsection.1.1.5}% 13
\BOOKMARK [3][-]{table.caption.3}{\376\377\176\374\124\010\122\006\147\220}{subsection.1.1.5}% 14
\BOOKMARK [2][-]{subsection.1.1.6}{\376\377\000R\000e\000s\000N\000e\000t\000\040\116\016\000\040\000V\000i\000s\000i\000o\000n\000\040\000T\000r\000a\000n\000s\000f\000o\000r\000m\000e\000r\000\040\000\050\000V\000i\000T\000\051\000\040\166\204\176\323\147\204\133\371\153\324}{section.1.1}% 15
\BOOKMARK [1][-]{section.1.2}{\376\377\123\167\171\357\171\136\176\317\177\121\176\334\127\050\000C\000I\000F\000A\000R\000-\0001\0000\145\160\143\156\226\306\116\012\166\204\213\255\176\303\176\323\147\234}{chapter.1}% 16
\BOOKMARK [2][-]{subsection.1.2.1}{\376\377\123\167\171\357\171\136\176\317\177\121\176\334\127\050\000C\000I\000F\000A\000R\000-\0001\0000\145\160\143\156\226\306\116\012\166\204\213\255\176\303\116\343\170\001}{section.1.2}% 17
\BOOKMARK [2][-]{subsection.1.2.2}{\376\377\123\167\171\357\171\136\176\317\177\121\176\334\127\050\000C\000I\000F\000A\000R\000-\0001\0000\145\160\143\156\226\306\116\012\166\204\213\255\176\303\176\323\147\234}{section.1.2}% 18
\BOOKMARK [1][-]{section.1.3}{\376\377\000C\000I\000F\000A\000R\000-\0001\0000\000\040\116\012\166\204\123\167\171\357\171\136\176\317\177\121\176\334}{chapter.1}% 19
\BOOKMARK [2][-]{subsection.1.3.1}{\376\377\000C\000N\000N\000\040\151\202\217\360}{section.1.3}% 20
\BOOKMARK [3][-]{section*.6}{\376\377\117\040\176\337\171\136\176\317\177\121\176\334\166\204\134\100\226\120\140\047}{subsection.1.3.1}% 21
\BOOKMARK [3][-]{Item.4}{\376\377\000C\000N\000N\000\040\166\204\117\030\122\277}{subsection.1.3.1}% 22
\BOOKMARK [2][-]{subsection.1.3.2}{\376\377\000C\000N\000N\000\040\147\266\147\204}{section.1.3}% 23
\BOOKMARK [2][-]{subsection.1.3.3}{\376\377\000C\000I\000F\000A\000R\000-\0001\0000\000\040\116\012\166\204\133\236\163\260}{section.1.3}% 24
\BOOKMARK [3][-]{section*.7}{\376\377\145\160\143\156\230\204\131\004\164\006}{subsection.1.3.3}% 25
\BOOKMARK [3][-]{section*.7}{\376\377\152\041\127\213\213\276\213\241}{subsection.1.3.3}% 26
\BOOKMARK [3][-]{table.caption.8}{\376\377\213\255\176\303\173\126\165\145}{subsection.1.3.3}% 27
\BOOKMARK [3][-]{table.caption.8}{\376\377\213\255\176\303\155\101\172\013}{subsection.1.3.3}% 28
\BOOKMARK [3][-]{table.caption.8}{\376\377\213\304\117\060}{subsection.1.3.3}% 29
\BOOKMARK [2][-]{subsection.1.3.4}{\376\377\140\047\200\375\122\006\147\220}{section.1.3}% 30
\BOOKMARK [2][-]{subsection.1.3.5}{\376\377\213\250\213\272}{section.1.3}% 31
\BOOKMARK [1][-]{section.1.4}{\376\377\117\177\165\050\000\040\000R\000e\000s\000N\000e\000t\000\040\124\214\000\040\000V\000i\000s\000i\000o\000n\000\040\000T\000r\000a\000n\000s\000f\000o\000r\000m\000e\000r\000\040\217\333\210\114\000\040\000C\000I\000F\000A\000R\000-\0001\0000\000\040\126\376\120\317\122\006\174\173}{chapter.1}% 32
\BOOKMARK [0][-]{chapter.2}{\376\377\227\136\176\277\140\047\145\271\154\325\122\006\174\173\126\150}{}% 33
\BOOKMARK [1][-]{section.2.1}{\376\377\227\136\176\277\140\047\145\271\154\325\122\006\174\173\126\150\173\200\116\313}{chapter.2}% 34
\BOOKMARK [2][-]{subsection.2.1.1}{\376\377\000K\000e\000r\000n\000e\000l\000\040\000S\000V\000M}{section.2.1}% 35
\BOOKMARK [2][-]{subsection.2.1.2}{\376\377\121\263\173\126\150\021\377\010\000D\000e\000c\000i\000s\000i\000o\000n\000\040\000T\000r\000e\000e\377\011}{section.2.1}% 36
\BOOKMARK [1][-]{section.2.2}{\376\377\226\217\147\072\150\356\147\227\377\010\000R\000a\000n\000d\000o\000m\000\040\000F\000o\000r\000e\000s\000t\377\011\173\200\116\313}{chapter.2}% 37
\BOOKMARK [1][-]{section.2.3}{\376\377\133\236\232\214\220\011\142\351\122\006\174\173\126\150\213\346\211\343}{chapter.2}% 38
\BOOKMARK [2][-]{subsection.2.3.1}{\376\377\121\263\173\126\150\021\213\346\176\306\116\313\176\315}{section.2.3}% 39
\BOOKMARK [3][-]{section*.14}{\376\377\121\263\173\126\150\021\166\204\133\232\116\111\116\016\127\372\147\054\123\237\164\006}{subsection.2.3.1}% 40
\BOOKMARK [3][-]{section*.14}{\376\377\121\263\173\126\150\021\166\204\121\163\225\056\176\304\142\020}{subsection.2.3.1}% 41
\BOOKMARK [3][-]{section*.14}{\376\377\122\006\122\162\121\306\122\031\116\016\173\227\154\325\123\237\164\006}{subsection.2.3.1}% 42
\BOOKMARK [4][-]{section*.15}{\376\377\117\341\140\157\130\236\166\312\377\010\000I\000n\000f\000o\000r\000m\000a\000t\000i\000o\000n\000\040\000G\000a\000i\000n\377\011}{section*.14}% 43
\BOOKMARK [4][-]{equation.2.2}{\376\377\127\372\134\074\116\015\176\257\136\246\377\010\000G\000i\000n\000i\000\040\000I\000m\000p\000u\000r\000i\000t\000y\377\011}{section*.14}% 44
\BOOKMARK [4][-]{equation.2.4}{\376\377\117\341\140\157\130\236\166\312\163\207\377\010\000G\000a\000i\000n\000\040\000R\000a\000t\000i\000o\377\011}{section*.14}% 45
\BOOKMARK [3][-]{table.caption.16}{\376\377\121\263\173\126\150\021\173\227\154\325\155\101\172\013}{subsection.2.3.1}% 46
\BOOKMARK [3][-]{Item.20}{\376\377\121\263\173\126\150\021\173\227\154\325\153\324\217\203}{subsection.2.3.1}% 47
\BOOKMARK [3][-]{table.caption.17}{\376\377\217\307\142\337\124\010\225\356\230\230\116\016\122\152\147\235\142\200\147\057}{subsection.2.3.1}% 48
\BOOKMARK [4][-]{section*.18}{\376\377\230\204\122\152\147\235\377\010\000P\000r\000e\000-\000p\000r\000u\000n\000i\000n\000g\377\011}{table.caption.17}% 49
\BOOKMARK [4][-]{section*.18}{\376\377\124\016\122\152\147\235\377\010\000P\000o\000s\000t\000-\000p\000r\000u\000n\000i\000n\000g\377\011}{table.caption.17}% 50
\BOOKMARK [3][-]{equation.2.7}{\376\377\121\263\173\126\150\021\166\204\117\030\122\277\116\016\134\100\226\120}{subsection.2.3.1}% 51
\BOOKMARK [4][-]{section*.19}{\376\377\117\030\122\277}{equation.2.7}% 52
\BOOKMARK [4][-]{section*.19}{\376\377\134\100\226\120\140\047}{equation.2.7}% 53
\BOOKMARK [2][-]{subsection.2.3.2}{\376\377\226\217\147\072\150\356\147\227\213\346\176\306\116\313\176\315}{section.2.3}% 54
\BOOKMARK [3][-]{section*.20}{\376\377\226\217\147\072\150\356\147\227\116\016\121\263\173\126\150\021\166\204\121\163\174\373}{subsection.2.3.2}% 55
\BOOKMARK [3][-]{section*.20}{\376\377\226\217\147\072\150\356\147\227\166\204\150\070\137\303\123\237\164\006}{subsection.2.3.2}% 56
\BOOKMARK [4][-]{section*.21}{\376\377\000B\000a\000g\000g\000i\000n\000g\377\010\000B\000o\000o\000t\000s\000t\000r\000a\000p\000\040\000A\000g\000g\000r\000e\000g\000a\000t\000i\000n\000g\377\011}{section*.20}% 57
\BOOKMARK [4][-]{equation.2.8}{\376\377\162\171\137\201\226\217\147\072\220\011\142\351}{section*.20}% 58
\BOOKMARK [4][-]{equation.2.10}{\376\377\226\306\142\020\230\204\155\113}{section*.20}% 59
\BOOKMARK [3][-]{equation.2.11}{\376\377\226\217\147\072\150\356\147\227\173\227\154\325\155\101\172\013}{subsection.2.3.2}% 60
\BOOKMARK [3][-]{table.caption.22}{\376\377\226\217\147\072\150\356\147\227\166\204\121\163\225\056\117\030\122\277}{subsection.2.3.2}% 61
\BOOKMARK [4][-]{section*.23}{\376\377\226\115\117\116\217\307\142\337\124\010}{table.caption.22}% 62
\BOOKMARK [4][-]{equation.2.12}{\376\377\131\004\164\006\177\072\131\061\120\074}{table.caption.22}% 63
\BOOKMARK [4][-]{equation.2.12}{\376\377\162\171\137\201\221\315\211\201\140\047\213\304\117\060}{table.caption.22}% 64
\BOOKMARK [3][-]{equation.2.12}{\376\377\215\205\123\302\145\160\214\003\117\030}{subsection.2.3.2}% 65
\BOOKMARK [3][-]{table.caption.24}{\376\377\164\006\213\272\127\372\170\100\116\016\145\066\145\133\140\047}{subsection.2.3.2}% 66
\BOOKMARK [4][-]{section*.25}{\376\377\000B\000a\000g\000g\000i\000n\000g\166\204\164\006\213\272\127\372\170\100}{table.caption.24}% 67
\BOOKMARK [4][-]{equation.2.13}{\376\377\210\213\131\026\117\060\213\241\377\010\000O\000u\000t\000-\000o\000f\000-\000B\000a\000g\000,\000\040\000O\000O\000B\377\011}{table.caption.24}% 68
\BOOKMARK [3][-]{equation.2.14}{\376\377\134\100\226\120\140\047\116\016\145\071\217\333\145\271\124\021}{subsection.2.3.2}% 69
\BOOKMARK [4][-]{section*.26}{\376\377\226\217\147\072\150\356\147\227\166\204\134\100\226\120\140\047}{equation.2.14}% 70
\BOOKMARK [4][-]{section*.26}{\376\377\145\071\217\333\145\271\124\021}{equation.2.14}% 71
\BOOKMARK [2][-]{subsection.2.3.3}{\376\377\150\070\145\057\143\001\124\021\221\317\147\072\213\346\176\306\116\313\176\315}{section.2.3}% 72
\BOOKMARK [3][-]{section*.27}{\376\377\116\316\176\277\140\047\000S\000V\000M\122\060\150\070\000S\000V\000M\166\204\157\024\217\333}{subsection.2.3.3}% 73
\BOOKMARK [4][-]{section*.27}{\376\377\176\277\140\047\000S\000V\000M\166\204\134\100\226\120\140\047}{subsection.2.3.3}% 74
\BOOKMARK [4][-]{equation.2.15}{\376\377\150\070\142\200\135\347\166\204\137\025\121\145}{subsection.2.3.3}% 75
\BOOKMARK [3][-]{equation.2.15}{\376\377\150\070\121\375\145\160\164\006\213\272\127\372\170\100}{subsection.2.3.3}% 76
\BOOKMARK [4][-]{section*.28}{\376\377\150\070\121\375\145\160\166\204\133\232\116\111}{equation.2.15}% 77
\BOOKMARK [4][-]{equation.2.16}{\376\377\000M\000e\000r\000c\000e\000r\147\141\116\366}{equation.2.15}% 78
\BOOKMARK [3][-]{equation.2.17}{\376\377\136\070\165\050\150\070\121\375\145\160\174\173\127\213}{subsection.2.3.3}% 79
\BOOKMARK [4][-]{section*.29}{\376\377\176\277\140\047\150\070\377\010\000L\000i\000n\000e\000a\000r\000\040\000K\000e\000r\000n\000e\000l\377\011}{equation.2.17}% 80
\BOOKMARK [4][-]{equation.2.18}{\376\377\137\204\124\021\127\372\121\375\145\160\150\070\377\010\000R\000B\000F\000\040\000K\000e\000r\000n\000e\000l\377\011}{equation.2.17}% 81
\BOOKMARK [4][-]{equation.2.19}{\376\377\131\032\230\171\137\017\150\070\377\010\000P\000o\000l\000y\000n\000o\000m\000i\000a\000l\000\040\000K\000e\000r\000n\000e\000l\377\011}{equation.2.17}% 82
\BOOKMARK [4][-]{equation.2.20}{\376\377\000S\000i\000g\000m\000o\000i\000d\150\070}{equation.2.17}% 83
\BOOKMARK [3][-]{table.caption.30}{\376\377\150\070\000S\000V\000M\166\204\145\160\133\146\210\150\171\072}{subsection.2.3.3}% 84
\BOOKMARK [4][-]{section*.31}{\376\377\133\371\120\166\225\356\230\230\137\142\137\017}{table.caption.30}% 85
\BOOKMARK [4][-]{equation.2.24}{\376\377\121\263\173\126\121\375\145\160}{table.caption.30}% 86
\BOOKMARK [3][-]{equation.2.25}{\376\377\215\205\123\302\145\160\214\003\117\030\173\126\165\145}{subsection.2.3.3}% 87
\BOOKMARK [4][-]{section*.32}{\376\377\153\143\122\031\123\026\123\302\145\160\000C}{equation.2.25}% 88
\BOOKMARK [4][-]{section*.32}{\376\377\150\070\123\302\145\160\377\010\000R\000B\000F\150\070\377\011}{equation.2.25}% 89
\BOOKMARK [4][-]{section*.32}{\376\377\123\302\145\160\220\011\142\351\173\126\165\145}{equation.2.25}% 90
\BOOKMARK [3][-]{Item.29}{\376\377\150\070\000S\000V\000M\166\204\117\030\122\277\116\016\162\171\160\271}{subsection.2.3.3}% 91
\BOOKMARK [4][-]{section*.33}{\376\377\164\006\213\272\117\030\122\277}{Item.29}% 92
\BOOKMARK [4][-]{section*.33}{\376\377\133\236\215\365\117\030\122\277}{Item.29}% 93
\BOOKMARK [3][-]{section*.33}{\376\377\150\070\000S\000V\000M\166\204\134\100\226\120\140\047}{subsection.2.3.3}% 94
\BOOKMARK [4][-]{section*.34}{\376\377\213\241\173\227\131\015\147\102\136\246\143\021\142\030\217\203\232\330}{section*.33}% 95
\BOOKMARK [4][-]{section*.34}{\376\377\123\302\145\160\220\011\142\351\145\117\141\037}{section*.33}% 96
\BOOKMARK [4][-]{section*.34}{\376\377\145\160\143\156\162\171\137\201\211\201\154\102}{section*.33}% 97
\BOOKMARK [3][-]{section*.34}{\376\377\150\070\000S\000V\000M\166\204\133\236\226\105\217\320\165\050\162\171\140\047}{subsection.2.3.3}% 98
\BOOKMARK [4][-]{section*.35}{\376\377\220\002\165\050\127\072\146\157}{section*.34}% 99
\BOOKMARK [4][-]{section*.35}{\376\377\133\236\145\275\136\372\213\256}{section*.34}% 100
\BOOKMARK [1][-]{section.2.4}{\376\377\121\263\173\126\150\021\122\006\174\173\126\150\127\050\000C\000I\000F\000A\000R\000-\0001\0000\145\160\143\156\226\306\116\012\166\204\210\150\163\260}{chapter.2}% 101
\BOOKMARK [2][-]{subsection.2.4.1}{\376\377\121\263\173\126\150\021\127\050\000C\000I\000F\000A\000R\000-\0001\0000\116\012\166\204\133\236\232\214\213\276\213\241}{section.2.4}% 102
\BOOKMARK [3][-]{section*.36}{\376\377\145\160\143\156\230\204\131\004\164\006\173\126\165\145}{subsection.2.4.1}% 103
\BOOKMARK [3][-]{section*.36}{\376\377\152\041\127\213\123\302\145\160\221\115\177\156}{subsection.2.4.1}% 104
\BOOKMARK [2][-]{subsection.2.4.2}{\376\377\213\255\176\303\217\307\172\013\116\016\140\047\200\375\166\321\143\247}{section.2.4}% 105
\BOOKMARK [3][-]{section*.38}{\376\377\213\255\176\303\155\101\172\013}{subsection.2.4.2}% 106
\BOOKMARK [3][-]{Item.38}{\376\377\145\160\143\156\122\006\136\003\123\357\211\306\123\026}{subsection.2.4.2}% 107
\BOOKMARK [2][-]{subsection.2.4.3}{\376\377\140\047\200\375\122\006\147\220\116\016\176\323\147\234\134\125\171\072}{section.2.4}% 108
\BOOKMARK [3][-]{section*.39}{\376\377\122\006\174\173\121\306\170\156\163\207}{subsection.2.4.3}% 109
\BOOKMARK [3][-]{section*.39}{\376\377\174\173\122\053\122\006\147\220}{subsection.2.4.3}% 110
\BOOKMARK [3][-]{table.caption.40}{\376\377\155\367\155\306\167\351\226\065\122\006\147\220}{subsection.2.4.3}% 111
\BOOKMARK [3][-]{table.caption.40}{\376\377\174\173\122\053\121\306\170\156\163\207\122\006\136\003}{subsection.2.4.3}% 112
\BOOKMARK [2][-]{subsection.2.4.4}{\376\377\162\171\137\201\221\315\211\201\140\047\116\016\133\146\116\140\146\362\176\277}{section.2.4}% 113
\BOOKMARK [3][-]{section*.41}{\376\377\000P\000C\000A\162\171\137\201\221\315\211\201\140\047\122\006\147\220}{subsection.2.4.4}% 114
\BOOKMARK [3][-]{section*.41}{\376\377\133\146\116\140\146\362\176\277\122\006\147\220}{subsection.2.4.4}% 115
\BOOKMARK [2][-]{subsection.2.4.5}{\376\377\133\236\232\214\176\323\213\272\116\016\134\100\226\120\140\047}{section.2.4}% 116
\BOOKMARK [3][-]{section*.42}{\376\377\116\073\211\201\176\323\213\272}{subsection.2.4.5}% 117
\BOOKMARK [3][-]{section*.42}{\376\377\134\100\226\120\140\047\122\006\147\220}{subsection.2.4.5}% 118
\BOOKMARK [2][-]{subsection.2.4.6}{\376\377\133\236\232\214\176\323\147\234}{section.2.4}% 119
\BOOKMARK [1][-]{section.2.5}{\376\377\226\217\147\072\150\356\147\227\122\006\174\173\126\150\127\050\000C\000I\000F\000A\000R\000-\0001\0000\145\160\143\156\226\306\116\012\166\204\210\150\163\260}{chapter.2}% 120
\BOOKMARK [2][-]{subsection.2.5.1}{\376\377\226\217\147\072\150\356\147\227\127\050\000C\000I\000F\000A\000R\000-\0001\0000\116\012\166\204\133\236\232\214\213\276\213\241}{section.2.5}% 121
\BOOKMARK [3][-]{section*.46}{\376\377\145\160\143\156\131\004\164\006\116\016\152\041\127\213\123\302\145\160}{subsection.2.5.1}% 122
\BOOKMARK [3][-]{section*.46}{\376\377\147\000\117\163\123\302\145\160\176\304\124\010}{subsection.2.5.1}% 123
\BOOKMARK [2][-]{subsection.2.5.2}{\376\377\133\236\232\214\176\323\147\234\116\016\122\006\147\220}{section.2.5}% 124
\BOOKMARK [3][-]{section*.47}{\376\377\145\164\117\123\140\047\200\375\210\150\163\260}{subsection.2.5.2}% 125
\BOOKMARK [3][-]{table.caption.48}{\376\377\155\367\155\306\167\351\226\065\122\006\147\220}{subsection.2.5.2}% 126
\BOOKMARK [3][-]{table.caption.48}{\376\377\122\006\174\173\140\047\200\375\213\346\176\306\122\006\147\220}{subsection.2.5.2}% 127
\BOOKMARK [2][-]{subsection.2.5.3}{\376\377\133\146\116\140\146\362\176\277\116\016\154\333\123\026\200\375\122\233}{section.2.5}% 128
\BOOKMARK [3][-]{section*.50}{\376\377\133\146\116\140\146\362\176\277\122\006\147\220}{subsection.2.5.3}% 129
\BOOKMARK [3][-]{section*.50}{\376\377\145\160\143\156\122\006\136\003\162\171\137\201}{subsection.2.5.3}% 130
\BOOKMARK [2][-]{subsection.2.5.4}{\376\377\116\016\121\263\173\126\150\021\152\041\127\213\166\204\133\371\153\324}{section.2.5}% 131
\BOOKMARK [2][-]{subsection.2.5.5}{\376\377\176\323\213\272\116\016\134\125\147\033}{section.2.5}% 132
\BOOKMARK [3][-]{section*.53}{\376\377\116\073\211\201\176\323\213\272}{subsection.2.5.5}% 133
\BOOKMARK [3][-]{section*.53}{\376\377\134\100\226\120\140\047\116\016\145\071\217\333\145\271\124\021}{subsection.2.5.5}% 134
\BOOKMARK [2][-]{subsection.2.5.6}{\376\377\133\236\232\214\176\323\147\234}{section.2.5}% 135
\BOOKMARK [1][-]{section.2.6}{\376\377\150\070\145\057\143\001\124\021\221\317\147\072\127\050\000C\000I\000F\000A\000R\000-\0001\0000\145\160\143\156\226\306\116\012\166\204\210\150\163\260}{chapter.2}% 136
\BOOKMARK [2][-]{subsection.2.6.1}{\376\377\150\070\145\057\143\001\124\021\221\317\147\072\230\204\133\236\232\214\133\236\232\214\213\276\213\241}{section.2.6}% 137
\BOOKMARK [3][-]{section*.57}{\376\377\145\160\143\156\230\204\131\004\164\006\116\016\162\171\137\201\135\345\172\013}{subsection.2.6.1}% 138
\BOOKMARK [3][-]{section*.57}{\376\377\136\166\210\114\123\026\215\205\123\302\145\160\117\030\123\026\150\106\147\266}{subsection.2.6.1}% 139
\BOOKMARK [3][-]{section*.57}{\376\377\150\070\121\375\145\160\116\016\123\302\145\160\172\172\225\364}{subsection.2.6.1}% 140
\BOOKMARK [2][-]{subsection.2.6.2}{\376\377\172\013\136\217\155\101\172\013\213\276\213\241}{section.2.6}% 141
\BOOKMARK [3][-]{Item.44}{\376\377\213\304\117\060\143\007\150\007\116\016\166\321\143\247}{subsection.2.6.2}% 142
\BOOKMARK [2][-]{subsection.2.6.3}{\376\377\133\236\232\214\176\323\147\234\116\016\140\047\200\375\122\006\147\220}{section.2.6}% 143
\BOOKMARK [3][-]{section*.59}{\376\377\116\015\124\014\150\070\121\375\145\160\140\047\200\375\133\371\153\324}{subsection.2.6.3}% 144
\BOOKMARK [3][-]{section*.59}{\376\377\123\302\145\160\145\117\141\037\140\047\122\006\147\220}{subsection.2.6.3}% 145
\BOOKMARK [3][-]{section*.59}{\376\377\147\000\117\030\123\302\145\160\221\115\177\156}{subsection.2.6.3}% 146
\BOOKMARK [2][-]{subsection.2.6.4}{\376\377\174\173\122\053\122\006\147\220\116\016\162\171\137\201\221\315\211\201\140\047}{section.2.6}% 147
\BOOKMARK [3][-]{section*.61}{\376\377\174\173\122\053\213\306\122\053\226\276\136\246\122\006\147\220}{subsection.2.6.4}% 148
\BOOKMARK [3][-]{section*.61}{\376\377\136\166\210\114\213\241\173\227\145\110\163\207\122\006\147\220}{subsection.2.6.4}% 149
\BOOKMARK [2][-]{subsection.2.6.5}{\376\377\230\204\133\236\232\214\176\323\213\272}{section.2.6}% 150
\BOOKMARK [3][-]{section*.62}{\376\377\230\204\133\236\232\214\176\323\213\272}{subsection.2.6.5}% 151
\BOOKMARK [2][-]{subsection.2.6.6}{\376\377\133\236\232\214\176\323\147\234}{section.2.6}% 152
\BOOKMARK [2][-]{subsection.2.6.7}{\376\377\150\070\145\057\143\001\124\021\221\317\147\072\133\236\232\214\213\276\213\241}{section.2.6}% 153
\BOOKMARK [3][-]{section*.65}{\376\377\145\160\143\156\230\204\131\004\164\006\145\271\154\325\116\345\123\312\150\070\121\375\145\160\377\014\123\302\145\160\220\011\142\351}{subsection.2.6.7}% 154
\BOOKMARK [3][-]{table.caption.66}{\376\377\133\236\232\214\176\323\147\234\116\016\145\160\143\156\122\006\147\220}{subsection.2.6.7}% 155
\BOOKMARK [4][-]{section*.67}{\376\377\145\164\117\123\140\047\200\375\213\304\117\060}{table.caption.66}% 156
\BOOKMARK [4][-]{section*.67}{\376\377\124\004\174\173\122\053\140\047\200\375\143\007\150\007}{table.caption.66}% 157
\BOOKMARK [4][-]{table.caption.68}{\376\377\155\367\155\306\167\351\226\065\122\006\147\220}{table.caption.66}% 158
\BOOKMARK [4][-]{table.caption.68}{\376\377\000R\000O\000C\146\362\176\277\116\016\000A\000U\000C\122\006\147\220}{table.caption.66}% 159
\BOOKMARK [4][-]{table.caption.68}{\376\377\145\057\143\001\124\021\221\317\122\006\147\220}{table.caption.66}% 160
\BOOKMARK [2][-]{subsection.2.6.8}{\376\377\133\236\232\214\176\323\147\234}{section.2.6}% 161
\BOOKMARK [1][-]{section.2.7}{\376\377\227\136\176\277\140\047\122\006\174\173\145\271\154\325\176\374\124\010\133\371\153\324\116\016\122\006\147\220}{chapter.2}% 162
\BOOKMARK [2][-]{subsection.2.7.1}{\376\377\133\236\232\214\176\323\147\234\176\374\124\010\133\371\153\324}{section.2.7}% 163
\BOOKMARK [3][-]{section*.73}{\376\377\145\164\117\123\140\047\200\375\133\371\153\324}{subsection.2.7.1}% 164
\BOOKMARK [3][-]{table.caption.74}{\376\377\174\173\122\053\213\306\122\053\200\375\122\233\133\371\153\324}{subsection.2.7.1}% 165
\BOOKMARK [2][-]{subsection.2.7.2}{\376\377\140\047\200\375\135\356\137\002\166\204\155\361\134\102\123\237\126\340\122\006\147\220}{section.2.7}% 166
\BOOKMARK [3][-]{section*.76}{\376\377\152\041\127\213\120\117\135\356\000-\145\271\135\356\147\103\210\141\122\006\147\220}{subsection.2.7.2}% 167
\BOOKMARK [3][-]{equation.2.26}{\376\377\162\171\137\201\172\172\225\364\220\002\221\115\140\047\122\006\147\220}{subsection.2.7.2}% 168
\BOOKMARK [4][-]{section*.77}{\376\377\121\263\173\126\150\021\166\204\134\100\226\120\140\047}{equation.2.26}% 169
\BOOKMARK [4][-]{section*.77}{\376\377\226\217\147\072\150\356\147\227\166\204\117\030\122\277}{equation.2.26}% 170
\BOOKMARK [4][-]{section*.77}{\376\377\150\070\000S\000V\000M\166\204\147\072\122\066}{equation.2.26}% 171
\BOOKMARK [2][-]{subsection.2.7.3}{\376\377\213\241\173\227\131\015\147\102\136\246\116\016\123\357\142\151\134\125\140\047\122\006\147\220}{section.2.7}% 172
\BOOKMARK [3][-]{section*.78}{\376\377\145\366\225\364\131\015\147\102\136\246\133\371\153\324}{subsection.2.7.3}% 173
\BOOKMARK [3][-]{table.caption.79}{\376\377\123\302\145\160\145\117\141\037\140\047\122\006\147\220}{subsection.2.7.3}% 174
\BOOKMARK [2][-]{subsection.2.7.4}{\376\377\162\171\137\201\135\345\172\013\116\016\145\160\143\156\220\002\221\115\140\047}{section.2.7}% 175
\BOOKMARK [3][-]{section*.80}{\376\377\133\371\000P\000C\000A\226\115\176\364\166\204\124\315\136\224}{subsection.2.7.4}% 176
\BOOKMARK [3][-]{section*.80}{\376\377\174\173\122\053\116\015\136\163\210\141\166\204\131\004\164\006}{subsection.2.7.4}% 177
\BOOKMARK [2][-]{subsection.2.7.5}{\376\377\145\271\154\325\134\100\226\120\140\047\116\016\147\052\147\145\134\125\147\033}{section.2.7}% 178
\BOOKMARK [3][-]{section*.81}{\376\377\121\161\124\014\134\100\226\120\140\047}{subsection.2.7.5}% 179
\BOOKMARK [3][-]{section*.81}{\376\377\140\047\200\375\122\006\147\220}{subsection.2.7.5}% 180
\BOOKMARK [0][-]{chapter.3}{\376\377\000B\000o\000o\000s\000t\000i\000n\000g}{}% 181
\BOOKMARK [1][-]{section.3.1}{\376\377\170\024\172\166\200\314\146\157\116\016\225\356\230\230\226\110\217\360}{chapter.3}% 182
\BOOKMARK [1][-]{section.3.2}{\376\377\170\024\172\166\166\356\150\007\116\016\142\200\147\057\126\336\230\176}{chapter.3}% 183
\BOOKMARK [1][-]{section.3.3}{\376\377\145\164\117\123\140\047\200\375\133\371\153\324}{chapter.3}% 184
\BOOKMARK [2][-]{subsection.3.3.1}{\376\377\122\006\174\173\140\047\200\375\143\007\150\007\133\371\153\324}{section.3.3}% 185
\BOOKMARK [2][-]{subsection.3.3.2}{\376\377\116\073\211\201\123\321\163\260\122\006\147\220}{section.3.3}% 186
\BOOKMARK [3][-]{section*.83}{\376\377\123\321\163\260\116\000\377\032\000L\000i\000g\000h\000t\000G\000B\000M\127\050\122\006\174\173\140\047\200\375\116\012\210\150\163\260\147\000\117\030}{subsection.3.3.2}% 187
\BOOKMARK [3][-]{section*.83}{\376\377\123\321\163\260\116\214\377\032\213\255\176\303\145\110\163\207\133\130\127\050\146\076\204\127\135\356\137\002\377\014\000L\000i\000g\000h\000t\000G\000B\000M\121\167\147\011\123\213\120\022\140\047\117\030\122\277}{subsection.3.3.2}% 188
\BOOKMARK [3][-]{section*.83}{\376\377\123\321\163\260\116\011\377\032\230\204\155\113\145\110\163\207\166\370\137\123\377\014\117\106\124\004\147\011\162\171\202\162}{subsection.3.3.2}% 189
\BOOKMARK [2][-]{subsection.3.3.3}{\376\377\173\227\154\325\162\171\140\047\155\361\121\145\133\371\153\324}{section.3.3}% 190
\BOOKMARK [3][-]{section*.84}{\376\377\000X\000G\000B\000o\000o\000s\000t\210\150\163\260\122\006\147\220}{subsection.3.3.3}% 191
\BOOKMARK [3][-]{section*.84}{\376\377\000L\000i\000g\000h\000t\000G\000B\000M\210\150\163\260\122\006\147\220}{subsection.3.3.3}% 192
\BOOKMARK [3][-]{section*.84}{\376\377\000C\000a\000t\000B\000o\000o\000s\000t\210\150\163\260\122\006\147\220}{subsection.3.3.3}% 193
\BOOKMARK [2][-]{subsection.3.3.4}{\376\377\140\047\200\375\145\110\163\207\147\103\210\141\122\006\147\220}{section.3.3}% 194
\BOOKMARK [1][-]{section.3.4}{\376\377\124\004\174\173\122\053\213\346\176\306\140\047\200\375\122\006\147\220}{chapter.3}% 195
\BOOKMARK [2][-]{subsection.3.4.1}{\376\377\124\004\174\173\122\053\140\047\200\375\143\007\150\007\213\346\176\306\133\371\153\324}{section.3.4}% 196
\BOOKMARK [2][-]{subsection.3.4.2}{\376\377\174\173\122\053\226\276\136\246\122\006\134\102\122\006\147\220}{section.3.4}% 197
\BOOKMARK [3][-]{section*.88}{\376\377\232\330\213\306\122\053\136\246\174\173\122\053\377\010\000F\0001\000>\0005\0005\000\045\377\011}{subsection.3.4.2}% 198
\BOOKMARK [3][-]{section*.88}{\376\377\116\055\173\111\213\306\122\053\136\246\174\173\122\053\377\010\0004\0005\000\045\000<\000F\0001\042\144\0005\0005\000\045\377\011}{subsection.3.4.2}% 199
\BOOKMARK [3][-]{section*.88}{\376\377\117\116\213\306\122\053\136\246\174\173\122\053\377\010\0003\0005\000\045\000<\000F\0001\042\144\0004\0005\000\045\377\011}{subsection.3.4.2}% 200
\BOOKMARK [3][-]{section*.88}{\376\377\147\201\226\276\213\306\122\053\174\173\122\053\377\010\000F\0001\042\144\0003\0005\000\045\377\011}{subsection.3.4.2}% 201
\BOOKMARK [2][-]{subsection.3.4.3}{\376\377\173\227\154\325\117\030\122\277\174\173\122\053\122\006\147\220}{section.3.4}% 202
\BOOKMARK [3][-]{section*.89}{\376\377\000L\000i\000g\000h\000t\000G\000B\000M\117\030\122\277\174\173\122\053}{subsection.3.4.3}% 203
\BOOKMARK [3][-]{section*.89}{\376\377\000X\000G\000B\000o\000o\000s\000t\117\030\122\277\174\173\122\053}{subsection.3.4.3}% 204
\BOOKMARK [3][-]{section*.89}{\376\377\000C\000a\000t\000B\000o\000o\000s\000t\122\243\122\277\122\006\147\220}{subsection.3.4.3}% 205
\BOOKMARK [2][-]{subsection.3.4.4}{\376\377\174\173\122\053\225\364\155\367\155\306\152\041\137\017\155\361\136\246\122\006\147\220}{section.3.4}% 206
\BOOKMARK [3][-]{section*.90}{\376\377\116\045\221\315\155\367\155\306\133\371\377\010\225\031\213\357\163\207\000>\0001\0000\000\045\377\011}{subsection.3.4.4}% 207
\BOOKMARK [2][-]{subsection.3.4.5}{\376\377\162\171\137\201\135\345\172\013\145\110\147\234\135\356\137\002\123\026\122\006\147\220}{section.3.4}% 208
\BOOKMARK [3][-]{section*.91}{\376\377\000H\000O\000G\162\171\137\201\220\002\136\224\140\047}{subsection.3.4.5}% 209
\BOOKMARK [3][-]{section*.91}{\376\377\000L\000B\000P\176\271\164\006\162\171\137\201\145\110\147\234}{subsection.3.4.5}% 210
\BOOKMARK [3][-]{section*.91}{\376\377\230\234\202\162\162\171\137\201\215\041\163\056}{subsection.3.4.5}% 211
\BOOKMARK [2][-]{subsection.3.4.6}{\376\377\173\227\154\325\234\201\150\322\140\047\213\304\117\060}{section.3.4}% 212
\BOOKMARK [3][-]{section*.92}{\376\377\174\173\122\053\121\205\220\350\116\000\201\364\140\047\122\006\147\220}{subsection.3.4.6}% 213
\BOOKMARK [3][-]{section*.92}{\376\377\121\163\225\056\211\302\133\337}{subsection.3.4.6}% 214
\BOOKMARK [1][-]{section.3.5}{\376\377\155\367\155\306\167\351\226\065\122\006\147\220}{chapter.3}% 215
\BOOKMARK [2][-]{subsection.3.5.1}{\376\377\116\011\171\315\173\227\154\325\155\367\155\306\167\351\226\065\145\164\117\123\162\171\137\201}{section.3.5}% 216
\BOOKMARK [3][-]{section*.93}{\376\377\000X\000G\000B\000o\000o\000s\000t\155\367\155\306\167\351\226\065\162\171\137\201}{subsection.3.5.1}% 217
\BOOKMARK [3][-]{section*.93}{\376\377\000L\000i\000g\000h\000t\000G\000B\000M\155\367\155\306\167\351\226\065\162\171\137\201}{subsection.3.5.1}% 218
\BOOKMARK [3][-]{section*.93}{\376\377\000C\000a\000t\000B\000o\000o\000s\000t\155\367\155\306\167\351\226\065\162\171\137\201}{subsection.3.5.1}% 219
\BOOKMARK [2][-]{subsection.3.5.2}{\376\377\116\073\211\201\155\367\155\306\152\041\137\017\155\361\136\246\122\006\147\220}{section.3.5}% 220
\BOOKMARK [3][-]{section*.94}{\376\377\155\367\155\306\152\041\137\017\116\000\377\032\122\250\162\151\174\173\122\053\225\364\166\204\232\330\136\246\155\367\155\306\377\010\000c\000a\000t\041\224\000d\000o\000g\041\224\000h\000o\000r\000s\000e\041\224\000d\000e\000e\000r\377\011}{subsection.3.5.2}% 221
\BOOKMARK [4][-]{section*.94}{\376\377\000X\000G\000B\000o\000o\000s\000t\210\150\163\260}{subsection.3.5.2}% 222
\BOOKMARK [4][-]{section*.94}{\376\377\000L\000i\000g\000h\000t\000G\000B\000M\210\150\163\260}{subsection.3.5.2}% 223
\BOOKMARK [4][-]{section*.94}{\376\377\000C\000a\000t\000B\000o\000o\000s\000t\210\150\163\260}{subsection.3.5.2}% 224
\BOOKMARK [4][-]{section*.94}{\376\377\155\367\155\306\123\237\126\340\155\361\136\246\211\343\147\220}{subsection.3.5.2}% 225
\BOOKMARK [4][-]{Item.56}{\376\377\117\030\123\026\136\372\213\256}{subsection.3.5.2}% 226
\BOOKMARK [3][-]{Item.56}{\376\377\155\367\155\306\152\041\137\017\116\214\377\032\116\244\220\032\135\345\121\167\166\204\213\355\116\111\155\367\155\306\377\010\000a\000u\000t\000o\000m\000o\000b\000i\000l\000e\041\224\000t\000r\000u\000c\000k\000,\000\040\000a\000i\000r\000p\000l\000a\000n\000e\041\222\000s\000h\000i\000p\377\011}{subsection.3.5.2}% 227
\BOOKMARK [4][-]{section*.95}{\376\377\000X\000G\000B\000o\000o\000s\000t\210\150\163\260}{Item.56}% 228
\BOOKMARK [4][-]{section*.95}{\376\377\000L\000i\000g\000h\000t\000G\000B\000M\210\150\163\260}{Item.56}% 229
\BOOKMARK [4][-]{section*.95}{\376\377\000C\000a\000t\000B\000o\000o\000s\000t\210\150\163\260}{Item.56}% 230
\BOOKMARK [4][-]{section*.95}{\376\377\155\367\155\306\123\237\126\340\155\361\136\246\211\343\147\220}{Item.56}% 231
\BOOKMARK [4][-]{Item.59}{\376\377\117\030\123\026\136\372\213\256}{Item.56}% 232
\BOOKMARK [3][-]{Item.59}{\376\377\155\367\155\306\152\041\137\017\116\011\377\032\201\352\161\066\162\151\117\123\166\204\176\271\164\006\155\367\155\306\377\010\000b\000i\000r\000d\041\224\000d\000e\000e\000r\000,\000\040\000d\000e\000e\000r\041\222\000b\000i\000r\000d\377\011}{subsection.3.5.2}% 233
\BOOKMARK [4][-]{section*.96}{\376\377\116\011\173\227\154\325\121\161\124\014\210\150\163\260}{Item.59}% 234
\BOOKMARK [4][-]{section*.96}{\376\377\155\367\155\306\123\237\126\340\155\361\136\246\211\343\147\220}{Item.59}% 235
\BOOKMARK [4][-]{Item.62}{\376\377\117\030\123\026\136\372\213\256}{Item.59}% 236
\BOOKMARK [3][-]{Item.62}{\376\377\155\367\155\306\152\041\137\017\126\333\377\032\211\306\211\311\166\370\117\074\162\151\117\123\155\367\155\306\377\010\000f\000r\000o\000g\162\171\153\212\210\150\163\260\377\011}{subsection.3.5.2}% 237
\BOOKMARK [4][-]{section*.97}{\376\377\116\011\173\227\154\325\210\150\163\260\122\006\147\220}{Item.62}% 238
\BOOKMARK [4][-]{section*.97}{\376\377\155\367\155\306\123\237\126\340\155\361\136\246\211\343\147\220}{Item.62}% 239
\BOOKMARK [4][-]{Item.65}{\376\377\117\030\123\026\136\372\213\256}{Item.62}% 240
\BOOKMARK [2][-]{subsection.3.5.3}{\376\377\173\227\154\325\225\364\155\367\155\306\152\041\137\017\133\371\153\324}{section.3.5}% 241
\BOOKMARK [3][-]{section*.98}{\376\377\116\000\201\364\140\047\155\367\155\306\152\041\137\017}{subsection.3.5.3}% 242
\BOOKMARK [3][-]{section*.98}{\376\377\173\227\154\325\162\171\137\002\140\047\155\367\155\306}{subsection.3.5.3}% 243
\BOOKMARK [2][-]{subsection.3.5.4}{\376\377\174\373\176\337\140\047\117\030\123\026\173\126\165\145}{section.3.5}% 244
\BOOKMARK [3][-]{section*.99}{\376\377\167\355\147\037\117\030\123\026\377\010\162\171\137\201\135\345\172\013\134\102\227\142\377\011}{subsection.3.5.4}% 245
\BOOKMARK [3][-]{Item.68}{\376\377\116\055\147\037\117\030\123\026\377\010\173\227\154\325\134\102\227\142\377\011}{subsection.3.5.4}% 246
\BOOKMARK [3][-]{Item.71}{\376\377\225\177\147\037\117\030\123\026\377\010\147\266\147\204\134\102\227\142\377\011}{subsection.3.5.4}% 247
\BOOKMARK [1][-]{section.3.6}{\376\377\213\255\176\303\145\110\163\207\122\006\147\220}{chapter.3}% 248
\BOOKMARK [2][-]{subsection.3.6.1}{\376\377\213\255\176\303\145\366\225\364\213\346\176\306\133\371\153\324}{section.3.6}% 249
\BOOKMARK [2][-]{subsection.3.6.2}{\376\377\173\227\154\325\134\102\227\142\145\110\163\207\122\006\147\220}{section.3.6}% 250
\BOOKMARK [3][-]{section*.101}{\376\377\000L\000i\000g\000h\000t\000G\000B\000M\123\123\215\212\145\110\163\207\156\220\170\001\211\343\147\220}{subsection.3.6.2}% 251
\BOOKMARK [3][-]{Item.77}{\376\377\000X\000G\000B\000o\000o\000s\000t\213\255\176\303\164\366\230\210\122\006\147\220}{subsection.3.6.2}% 252
\BOOKMARK [3][-]{Item.79}{\376\377\000C\000a\000t\000B\000o\000o\000s\000t\116\055\173\111\145\110\163\207\123\237\126\340}{subsection.3.6.2}% 253
\BOOKMARK [1][-]{section.3.7}{\376\377\123\357\211\306\123\026\176\323\147\234\122\006\147\220}{chapter.3}% 254
\BOOKMARK [2][-]{subsection.3.7.1}{\376\377\145\164\117\123\140\047\200\375\133\371\153\324\123\357\211\306\123\026}{section.3.7}% 255
\BOOKMARK [2][-]{subsection.3.7.2}{\376\377\213\255\176\303\145\110\163\207\133\371\153\324\123\357\211\306\123\026}{section.3.7}% 256
\BOOKMARK [2][-]{subsection.3.7.3}{\376\377\155\367\155\306\167\351\226\065\160\355\122\233\126\376\122\006\147\220}{section.3.7}% 257
\BOOKMARK [2][-]{subsection.3.7.4}{\376\377\124\004\174\173\122\053\140\047\200\375\226\367\217\276\122\006\147\220}{section.3.7}% 258
\BOOKMARK [2][-]{subsection.3.7.5}{\376\377\213\357\122\006\174\173\150\067\147\054\123\357\211\306\123\026\122\006\147\220}{section.3.7}% 259
\BOOKMARK [2][-]{subsection.3.7.6}{\376\377\176\374\124\010\140\047\200\375\140\073\211\310}{section.3.7}% 260
\BOOKMARK [2][-]{subsection.3.7.7}{\376\377\123\357\211\306\123\026\176\323\147\234\166\204\121\163\225\056\155\036\133\337}{section.3.7}% 261
\BOOKMARK [1][-]{section.3.8}{\376\377\121\163\225\056\123\321\163\260\154\107\140\073}{chapter.3}% 262
\BOOKMARK [2][-]{subsection.3.8.1}{\376\377\150\070\137\303\123\321\163\260\377\032\173\227\154\325\140\047\200\375\116\016\145\110\163\207\166\204\146\076\204\127\150\257\153\041\135\356\137\002}{section.3.8}% 263
\BOOKMARK [3][-]{section*.109}{\376\377\123\321\163\260\116\000\377\032\000L\000i\000g\000h\000t\000G\000B\000M\127\050\121\306\170\156\163\207\124\214\213\255\176\303\145\110\163\207\116\012\127\107\210\150\163\260\147\000\117\163\377\014\134\125\163\260\123\213\120\022\140\047\176\374\124\010\117\030\122\277}{subsection.3.8.1}% 264
\BOOKMARK [3][-]{section*.109}{\376\377\123\321\163\260\116\214\377\032\000X\000G\000B\000o\000o\000s\000t\210\150\163\260\172\063\133\232\117\106\145\110\163\207\122\243\122\277\146\016\146\076\377\014\000C\000a\000t\000B\000o\000o\000s\000t\145\164\117\123\140\047\200\375\116\015\117\163}{subsection.3.8.1}% 265
\BOOKMARK [2][-]{subsection.3.8.2}{\376\377\221\315\211\201\123\321\163\260\377\032\174\173\122\053\213\306\122\053\226\276\136\246\166\204\174\373\176\337\140\047\122\006\134\102}{section.3.8}% 266
\BOOKMARK [3][-]{section*.110}{\376\377\123\321\163\260\116\011\377\032\116\272\220\040\162\151\117\123\213\306\122\053\117\030\122\277\146\076\204\127\377\014\122\250\162\151\174\173\122\053\133\130\127\050\126\372\147\011\126\360\226\276}{subsection.3.8.2}% 267
\BOOKMARK [3][-]{section*.110}{\376\377\123\321\163\260\126\333\377\032\174\173\122\053\225\364\155\367\155\306\124\110\163\260\174\373\176\337\140\047\152\041\137\017\377\014\123\315\146\040\162\171\137\201\135\345\172\013\164\366\230\210}{subsection.3.8.2}% 268
\BOOKMARK [2][-]{subsection.3.8.3}{\376\377\142\200\147\057\123\321\163\260\377\032\162\171\137\201\135\345\172\013\145\110\147\234\166\204\135\356\137\002\123\026\215\041\163\056}{section.3.8}% 269
\BOOKMARK [3][-]{section*.111}{\376\377\123\321\163\260\116\224\377\032\121\340\117\125\124\214\230\234\202\162\162\171\137\201\133\371\122\006\174\173\215\041\163\056\147\000\131\047\377\014\176\271\164\006\162\171\137\201\133\130\127\050\134\100\226\120\140\047}{subsection.3.8.3}% 270
\BOOKMARK [2][-]{subsection.3.8.4}{\376\377\136\224\165\050\123\321\163\260\377\032\133\236\165\050\140\047\147\103\210\141\166\204\147\000\117\030\173\126\165\145}{section.3.8}% 271
\BOOKMARK [3][-]{section*.112}{\376\377\123\321\163\260\121\155\377\032\000L\000i\000g\000h\000t\000G\000B\000M\127\050\174\276\136\246\116\016\145\110\163\207\225\364\217\276\122\060\147\000\117\163\136\163\210\141\377\014\121\167\131\007\147\000\232\330\133\236\165\050\116\367\120\074}{subsection.3.8.4}% 272
\BOOKMARK [1][-]{section.3.9}{\376\377\000B\000o\000o\000s\000t\000i\000n\000g\173\227\154\325\166\204\121\215\213\304\117\060}{chapter.3}% 273
\BOOKMARK [2][-]{subsection.3.9.1}{\376\377\000X\000G\000B\000o\000o\000s\000t\377\032\172\063\133\232\117\106\227\136\147\000\117\030}{section.3.9}% 274
\BOOKMARK [3][-]{section*.113}{\376\377\150\070\137\303\123\321\163\260\140\073\176\323}{subsection.3.9.1}% 275
\BOOKMARK [3][-]{section*.113}{\376\377\127\372\116\216\133\146\147\057\145\207\163\056\166\204\164\006\213\272\122\006\147\220}{subsection.3.9.1}% 276
\BOOKMARK [2][-]{subsection.3.9.2}{\376\377\000L\000i\000g\000h\000t\000G\000B\000M\377\032\140\047\200\375\116\016\145\110\163\207\166\204\163\213\200\005}{section.3.9}% 277
\BOOKMARK [3][-]{section*.114}{\376\377\150\070\137\303\123\321\163\260\140\073\176\323}{subsection.3.9.2}% 278
\BOOKMARK [3][-]{section*.114}{\376\377\127\372\116\216\133\146\147\057\145\207\163\056\166\204\164\006\213\272\122\006\147\220}{subsection.3.9.2}% 279
\BOOKMARK [2][-]{subsection.3.9.3}{\376\377\000C\000a\000t\000B\000o\000o\000s\000t\377\032\164\006\213\272\117\030\122\277\116\016\133\236\215\365\135\356\215\335}{section.3.9}% 280
\BOOKMARK [3][-]{section*.115}{\376\377\150\070\137\303\123\321\163\260\140\073\176\323}{subsection.3.9.3}% 281
\BOOKMARK [3][-]{section*.115}{\376\377\127\372\116\216\133\146\147\057\145\207\163\056\166\204\164\006\213\272\122\006\147\220}{subsection.3.9.3}% 282
\BOOKMARK [2][-]{subsection.3.9.4}{\376\377\173\227\154\325\220\011\142\351\136\372\213\256}{section.3.9}% 283
\BOOKMARK [3][-]{section*.116}{\376\377\145\160\143\156\162\171\137\201\116\073\133\374\166\204\220\011\142\351}{subsection.3.9.4}% 284
\BOOKMARK [3][-]{section*.116}{\376\377\140\047\200\375\227\000\154\102\116\073\133\374\166\204\220\011\142\351}{subsection.3.9.4}% 285
\BOOKMARK [3][-]{section*.116}{\376\377\215\104\156\220\176\246\147\137\116\073\133\374\166\204\220\011\142\351}{subsection.3.9.4}% 286
\BOOKMARK [1][-]{section.3.10}{\376\377\121\263\173\126\150\021\060\001\000B\000o\000o\000s\000t\000i\000n\000g\116\016\171\136\176\317\177\121\176\334\166\204\140\047\200\375\133\371\153\324}{chapter.3}% 287
\BOOKMARK [2][-]{subsection.3.10.1}{\376\377\116\011\171\315\145\271\154\325\127\050\000C\000I\000F\000A\000R\000-\0001\0000\116\012\166\204\140\047\200\375\150\257\153\041}{section.3.10}% 288
\BOOKMARK [2][-]{subsection.3.10.2}{\376\377\140\047\200\375\135\356\215\335\166\204\155\361\136\246\122\006\147\220}{section.3.10}% 289
\BOOKMARK [3][-]{section*.118}{\376\377\121\263\173\126\150\021\145\271\154\325\166\204\150\071\147\054\134\100\226\120}{subsection.3.10.2}% 290
\BOOKMARK [3][-]{Item.84}{\376\377\000B\000o\000o\000s\000t\000i\000n\000g\145\271\154\325\166\204\116\055\173\111\210\150\163\260}{subsection.3.10.2}% 291
\BOOKMARK [3][-]{Item.87}{\376\377\171\136\176\317\177\121\176\334\166\204\123\213\120\022\140\047\117\030\122\277}{subsection.3.10.2}% 292
\BOOKMARK [2][-]{subsection.3.10.3}{\376\377\000B\000o\000o\000s\000t\000i\000n\000g\173\227\154\325\166\204\162\354\162\171\117\030\122\277}{section.3.10}% 293
\BOOKMARK [3][-]{section*.119}{\376\377\166\370\133\371\116\216\121\263\173\126\150\021\166\204\117\030\122\277}{subsection.3.10.3}% 294
\BOOKMARK [3][-]{Item.94}{\376\377\166\370\133\371\116\216\171\136\176\317\177\121\176\334\166\204\117\030\122\277}{subsection.3.10.3}% 295
\BOOKMARK [2][-]{subsection.3.10.4}{\376\377\136\224\165\050\127\072\146\157\166\204\135\356\137\002\123\026\220\011\142\351}{section.3.10}% 296
\BOOKMARK [3][-]{section*.120}{\376\377\121\263\173\126\150\021\145\271\154\325\220\002\165\050\127\072\146\157}{subsection.3.10.4}% 297
\BOOKMARK [3][-]{section*.120}{\376\377\000B\000o\000o\000s\000t\000i\000n\000g\145\271\154\325\143\250\203\120\127\072\146\157}{subsection.3.10.4}% 298
\BOOKMARK [3][-]{section*.120}{\376\377\171\136\176\317\177\121\176\334\117\030\220\011\127\072\146\157}{subsection.3.10.4}% 299
\BOOKMARK [2][-]{subsection.3.10.5}{\376\377\142\200\147\057\123\321\134\125\215\213\122\277\116\016\207\215\124\010\122\115\146\157}{section.3.10}% 300
\BOOKMARK [1][-]{section.3.11}{\376\377\133\236\226\105\136\224\165\050\116\367\120\074}{chapter.3}% 301
\BOOKMARK [2][-]{subsection.3.11.1}{\376\377\217\271\177\030\213\241\173\227\116\016\171\373\122\250\213\276\131\007}{section.3.11}% 302
\BOOKMARK [3][-]{section*.121}{\376\377\117\116\136\366\217\337\060\001\232\330\145\110\163\207\166\204\122\006\174\173\145\271\150\110}{subsection.3.11.1}% 303
\BOOKMARK [2][-]{subsection.3.11.2}{\376\377\123\357\211\343\221\312\140\047\000A\000I\000\050\000X\000A\000I\000\051\166\204\136\224\165\050}{section.3.11}% 304
\BOOKMARK [2][-]{subsection.3.11.3}{\376\377\137\353\220\037\123\237\127\213\232\214\213\301\116\016\127\372\176\277\152\041\127\213}{section.3.11}% 305
\BOOKMARK [1][-]{section.3.12}{\376\377\226\104\137\125\377\032\000B\000o\000o\000s\000t\000i\000n\000g\150\070\137\303\116\343\170\001\176\323\147\204}{chapter.3}% 306
\BOOKMARK [0][-]{chapter.4}{\376\377\140\073\176\323\226\110\217\360}{}% 307
\BOOKMARK [0][-]{chapter.4}{\376\377\123\302\200\003\145\207\163\056}{}% 308
